./bootstrap: Bootstrapping from checked-out man-db sources...
./bootstrap: consider installing git-merge-changelog from gnulib
HEAD is now at 8c4f4d7 Create lib/Makefile.am after gnulib-comp.m4
trap: ./bootstrap 932: FSUM7327 signal number 13 not conventional
./bootstrap: autopoint --force
running: libtoolize --install --copy
libtoolize: warning: no serial number on `/home/fultonm/zopen/prod/libtool-2.4.20221201_223431.zos/share/aclocal/libtool.m4', not copying.
libtoolize: Consider adding `AC_CONFIG_MACRO_DIR([m4])' to configure.ac and
libtoolize: rerunning libtoolize, to keep the correct libtool macros in-tree.
trap: ./bootstrap 975: FSUM7327 signal number 13 not conventional
./bootstrap: gnulib/gnulib-tool    --no-changelog   --aux-dir=build-aux   --doc-base=doc   --lib=libgnu   --m4-base=gl/m4/   --source-base=gl/lib/   --tests-base=tests   --local-dir=gnulib-local    --po-base=gl/ref-po  --no-conditional-dependencies  --libtool  --macro-prefix=gl  --po-domain=man-db  --no-vc-files    --import ...
trap: gnulib/gnulib-tool 1696: FSUM7327 signal number 13 not conventional
Module list with included dependencies (indented):
    absolute-header
    alloca
    alloca-opt
  argp
  array-list
    assure
    at-internal
  attribute
    basename-lgpl
    bitrotate
    btowc
    builtin-expect
  c99
    calloc-gnu
    calloc-posix
  canonicalize
    canonicalize-lgpl
    chdir
    chdir-long
    chown
    clock-time
    cloexec
    close
  closedir
    ctype
    d-ino
    d-type
  dirent
    dirfd
  dirname
    dirname-lgpl
    double-slash-root
    dup
    dup2
    dynarray
    eloop-threshold
    environ
    errno
  error
    exitfail
    extensions
    extern-inline
    fchdir
    fcntl
  fcntl-h
    fd-hook
    fd-safer-flag
    fdopendir
    file-set
    filename
    filenamecat-lgpl
    flexmember
    float
  flock
    fnmatch
  fnmatch-gnu
    fnmatch-h
    free-posix
  fstat
    fstatat
    gen-header
    getcwd
    getcwd-lgpl
    getdelim
    getdtablesize
  getline
    getlogin_r
    getopt-gnu
    getopt-posix
    getprogname
    getrandom
  gettext-h
    gettime
    gettimeofday
  gitlog-to-changelog
  glob
    glob-h
  gnupload
    hard-locale
    hash
  hash-map
    hash-pjw
  hash-pjw-bare
  hash-set
    hash-triple-simple
  havelib
    ialloc
  idpriv-drop
  idpriv-droptemp
    idx
    include_next
    intprops
    inttypes-incomplete
    ioctl
    isblank
    langinfo
    largefile
  lchown
  lib-ignore
    libc-config
    limits-h
  linkedhash-list
    list
  localcharset
    locale
    localeconv
    lock
    lstat
    malloc-gnu
    malloc-posix
    malloca
  manywarnings
    map
    mbrtowc
    mbsinit
    mbsrtowcs
    mbtowc
    memchr
  memmem
    memmem-simple
    mempcpy
    memrchr
  minmax
    mkdir
  mkdtemp
  mkstemp
    msvc-inval
    msvc-nothrow
    multiarch
  nanosleep
    nl_langinfo
    nocrash
  nonblocking
    open
  openat
    openat-die
    openat-h
  opendir
    pathmax
    pipe-posix
  progname
    pselect
    pthread_sigmask
  raise
    rawmemchr
  rbtree-list
    readdir
    readlink
    realloc-gnu
    realloc-posix
    reallocarray
  regex
  rename
  renameat
    renameatu
    rewinddir
    rmdir
    same-inode
    save-cwd
    scratch_buffer
    select
    set
  setenv
    setlocale-null
  sigaction
  signal-h
  sigprocmask
    size_max
    sleep
    snippet/_Noreturn
    snippet/arg-nonnull
    snippet/c++defs
    snippet/warn-on-use
    socketlib
    sockets
    socklen
    ssize_t
    stat
  stat-time
    statat
    std-gnu11
    stdalign
    stdarg
  stdbool
    stddef
    stdint
    stdio
    stdlib
    stdopen
  strcase
  strcasestr
    strcasestr-simple
    strchrnul
    strdup-posix
    streq
  strerror
    strerror-override
    string
    strings
    strndup
    strnlen
    strnlen1
  strsep
    sys_file
    sys_ioctl
    sys_random
    sys_select
    sys_socket
    sys_stat
    sys_time
    sys_types
    sys_uio
    sysexits
  tempname
    threadlib
    time
  timespec
    unistd
    unistd-safer
    unlink
  unlinkat
    utime
    utime-h
  utimens
    vararrays
    vasnprintf
    vasprintf
    verify
  verror
    vsnprintf
  warnings
    wchar
    wcrtomb
    wctype-h
    windows-mutex
    windows-once
    windows-recmutex
    windows-rwlock
    wmemchr
    wmempcpy
  xalloc
    xalloc-die
    xalloc-oversized
  xgetcwd
  xlist
  xmap
  xset
    xsize
  xstdopen
  xstrndup
  xvasprintf
File list:
  build-aux/config.rpath
  build-aux/gitlog-to-changelog
  build-aux/gnupload
  lib/_Noreturn.h
  lib/alloca.c
  lib/alloca.in.h
  lib/arg-nonnull.h
  lib/argp-ba.c
  lib/argp-eexst.c
  lib/argp-fmtstream.c
  lib/argp-fmtstream.h
  lib/argp-fs-xinl.c
  lib/argp-help.c
  lib/argp-namefrob.h
  lib/argp-parse.c
  lib/argp-pin.c
  lib/argp-pv.c
  lib/argp-pvh.c
  lib/argp-xinl.c
  lib/argp.h
  lib/asnprintf.c
  lib/asprintf.c
  lib/assure.h
  lib/at-func.c
  lib/at-func2.c
  lib/attribute.h
  lib/basename-lgpl.c
  lib/basename-lgpl.h
  lib/basename.c
  lib/bitrotate.c
  lib/bitrotate.h
  lib/btowc.c
  lib/c++defs.h
  lib/calloc.c
  lib/canonicalize-lgpl.c
  lib/canonicalize.c
  lib/canonicalize.h
  lib/cdefs.h
  lib/chdir-long.c
  lib/chdir-long.h
  lib/chown.c
  lib/cloexec.c
  lib/cloexec.h
  lib/close.c
  lib/closedir.c
  lib/ctype.in.h
  lib/dirent-private.h
  lib/dirent.in.h
  lib/dirfd.c
  lib/dirname-lgpl.c
  lib/dirname.c
  lib/dirname.h
  lib/dup-safer-flag.c
  lib/dup-safer.c
  lib/dup.c
  lib/dup2.c
  lib/dynarray.h
  lib/eloop-threshold.h
  lib/errno.in.h
  lib/error.c
  lib/error.h
  lib/exitfail.c
  lib/exitfail.h
  lib/fchdir.c
  lib/fchown-stub.c
  lib/fcntl.c
  lib/fcntl.in.h
  lib/fd-hook.c
  lib/fd-hook.h
  lib/fd-safer-flag.c
  lib/fd-safer.c
  lib/fdopendir.c
  lib/file-set.c
  lib/file-set.h
  lib/filename.h
  lib/filenamecat-lgpl.c
  lib/filenamecat.h
  lib/flexmember.h
  lib/float+.h
  lib/float.c
  lib/float.in.h
  lib/flock.c
  lib/fnmatch.c
  lib/fnmatch.in.h
  lib/fnmatch_loop.c
  lib/free.c
  lib/fstat.c
  lib/fstatat.c
  lib/getcwd-lgpl.c
  lib/getcwd.c
  lib/getdelim.c
  lib/getdtablesize.c
  lib/getline.c
  lib/getlogin_r.c
  lib/getopt-cdefs.in.h
  lib/getopt-core.h
  lib/getopt-ext.h
  lib/getopt-pfx-core.h
  lib/getopt-pfx-ext.h
  lib/getopt.c
  lib/getopt.in.h
  lib/getopt1.c
  lib/getopt_int.h
  lib/getprogname.c
  lib/getprogname.h
  lib/getrandom.c
  lib/gettext.h
  lib/gettime.c
  lib/gettimeofday.c
  lib/gl_anyhash1.h
  lib/gl_anyhash2.h
  lib/gl_anyhash_primes.h
  lib/gl_anylinked_list1.h
  lib/gl_anylinked_list2.h
  lib/gl_anyrbtree_list1.h
  lib/gl_anyrbtree_list2.h
  lib/gl_anytree_list1.h
  lib/gl_anytree_list2.h
  lib/gl_array_list.c
  lib/gl_array_list.h
  lib/gl_hash_map.c
  lib/gl_hash_map.h
  lib/gl_hash_set.c
  lib/gl_hash_set.h
  lib/gl_linkedhash_list.c
  lib/gl_linkedhash_list.h
  lib/gl_list.c
  lib/gl_list.h
  lib/gl_map.c
  lib/gl_map.h
  lib/gl_rbtree_list.c
  lib/gl_rbtree_list.h
  lib/gl_set.c
  lib/gl_set.h
  lib/gl_xlist.c
  lib/gl_xlist.h
  lib/gl_xmap.c
  lib/gl_xmap.h
  lib/gl_xset.c
  lib/gl_xset.h
  lib/glob-libc.h
  lib/glob.c
  lib/glob.in.h
  lib/glob_internal.h
  lib/glob_pattern_p.c
  lib/globfree.c
  lib/glthread/lock.c
  lib/glthread/lock.h
  lib/glthread/threadlib.c
  lib/hard-locale.c
  lib/hard-locale.h
  lib/hash-pjw-bare.c
  lib/hash-pjw-bare.h
  lib/hash-pjw.c
  lib/hash-pjw.h
  lib/hash-triple-simple.c
  lib/hash-triple.h
  lib/hash.c
  lib/hash.h
  lib/ialloc.c
  lib/ialloc.h
  lib/idpriv-drop.c
  lib/idpriv-droptemp.c
  lib/idpriv.h
  lib/idx.h
  lib/intprops.h
  lib/inttypes.in.h
  lib/ioctl.c
  lib/isblank.c
  lib/itold.c
  lib/langinfo.in.h
  lib/lc-charset-dispatch.c
  lib/lc-charset-dispatch.h
  lib/lchown.c
  lib/libc-config.h
  lib/limits.in.h
  lib/localcharset.c
  lib/localcharset.h
  lib/locale.in.h
  lib/localeconv.c
  lib/lstat.c
  lib/malloc.c
  lib/malloc/dynarray-skeleton.c
  lib/malloc/dynarray.h
  lib/malloc/dynarray_at_failure.c
  lib/malloc/dynarray_emplace_enlarge.c
  lib/malloc/dynarray_finalize.c
  lib/malloc/dynarray_resize.c
  lib/malloc/dynarray_resize_clear.c
  lib/malloc/scratch_buffer.h
  lib/malloc/scratch_buffer_dupfree.c
  lib/malloc/scratch_buffer_grow.c
  lib/malloc/scratch_buffer_grow_preserve.c
  lib/malloc/scratch_buffer_set_array_size.c
  lib/malloca.c
  lib/malloca.h
  lib/mbrtowc-impl-utf8.h
  lib/mbrtowc-impl.h
  lib/mbrtowc.c
  lib/mbsinit.c
  lib/mbsrtowcs-impl.h
  lib/mbsrtowcs-state.c
  lib/mbsrtowcs.c
  lib/mbtowc-impl.h
  lib/mbtowc-lock.c
  lib/mbtowc-lock.h
  lib/mbtowc.c
  lib/memchr.c
  lib/memchr.valgrind
  lib/memmem.c
  lib/mempcpy.c
  lib/memrchr.c
  lib/minmax.h
  lib/mkdir.c
  lib/mkdtemp.c
  lib/mkstemp.c
  lib/msvc-inval.c
  lib/msvc-inval.h
  lib/msvc-nothrow.c
  lib/msvc-nothrow.h
  lib/nanosleep.c
  lib/nl_langinfo-lock.c
  lib/nl_langinfo.c
  lib/nonblocking.c
  lib/nonblocking.h
  lib/open.c
  lib/openat-die.c
  lib/openat-priv.h
  lib/openat-proc.c
  lib/openat.c
  lib/openat.h
  lib/opendir.c
  lib/pathmax.h
  lib/pipe-safer.c
  lib/pipe.c
  lib/printf-args.c
  lib/printf-args.h
  lib/printf-parse.c
  lib/printf-parse.h
  lib/progname.c
  lib/progname.h
  lib/pselect.c
  lib/pthread_sigmask.c
  lib/raise.c
  lib/rawmemchr.c
  lib/rawmemchr.valgrind
  lib/readdir.c
  lib/readlink.c
  lib/realloc.c
  lib/reallocarray.c
  lib/regcomp.c
  lib/regex.c
  lib/regex.h
  lib/regex_internal.c
  lib/regex_internal.h
  lib/regexec.c
  lib/rename.c
  lib/renameat.c
  lib/renameatu.c
  lib/renameatu.h
  lib/rewinddir.c
  lib/rmdir.c
  lib/same-inode.h
  lib/save-cwd.c
  lib/save-cwd.h
  lib/scratch_buffer.h
  lib/select.c
  lib/setenv.c
  lib/setlocale-lock.c
  lib/setlocale_null.c
  lib/setlocale_null.h
  lib/sig-handler.c
  lib/sig-handler.h
  lib/sigaction.c
  lib/signal.in.h
  lib/sigprocmask.c
  lib/size_max.h
  lib/sleep.c
  lib/sockets.c
  lib/sockets.h
  lib/stat-time.c
  lib/stat-time.h
  lib/stat-w32.c
  lib/stat-w32.h
  lib/stat.c
  lib/statat.c
  lib/stdalign.in.h
  lib/stdarg.in.h
  lib/stdbool.in.h
  lib/stddef.in.h
  lib/stdint.in.h
  lib/stdio-read.c
  lib/stdio-write.c
  lib/stdio.in.h
  lib/stdlib.in.h
  lib/stdopen.c
  lib/stdopen.h
  lib/str-two-way.h
  lib/strcasecmp.c
  lib/strcasestr.c
  lib/strchrnul.c
  lib/strchrnul.valgrind
  lib/strdup.c
  lib/streq.h
  lib/strerror-override.c
  lib/strerror-override.h
  lib/strerror.c
  lib/string.in.h
  lib/strings.in.h
  lib/stripslash.c
  lib/strncasecmp.c
  lib/strndup.c
  lib/strnlen.c
  lib/strnlen1.c
  lib/strnlen1.h
  lib/strsep.c
  lib/sys_file.in.h
  lib/sys_ioctl.in.h
  lib/sys_random.in.h
  lib/sys_select.in.h
  lib/sys_socket.c
  lib/sys_socket.in.h
  lib/sys_stat.in.h
  lib/sys_time.in.h
  lib/sys_types.in.h
  lib/sys_uio.in.h
  lib/sysexits.in.h
  lib/tempname.c
  lib/tempname.h
  lib/time.in.h
  lib/timespec.c
  lib/timespec.h
  lib/unistd--.h
  lib/unistd-safer.h
  lib/unistd.c
  lib/unistd.in.h
  lib/unlink.c
  lib/unlinkat.c
  lib/utime.c
  lib/utime.in.h
  lib/utimens.c
  lib/utimens.h
  lib/vasnprintf.c
  lib/vasnprintf.h
  lib/vasprintf.c
  lib/verify.h
  lib/verror.c
  lib/verror.h
  lib/vsnprintf.c
  lib/w32sock.h
  lib/warn-on-use.h
  lib/wchar.in.h
  lib/wcrtomb.c
  lib/wctype-h.c
  lib/wctype.in.h
  lib/windows-initguard.h
  lib/windows-mutex.c
  lib/windows-mutex.h
  lib/windows-once.c
  lib/windows-once.h
  lib/windows-recmutex.c
  lib/windows-recmutex.h
  lib/windows-rwlock.c
  lib/windows-rwlock.h
  lib/wmemchr-impl.h
  lib/wmemchr.c
  lib/wmempcpy.c
  lib/xalloc-die.c
  lib/xalloc-oversized.h
  lib/xalloc.h
  lib/xasprintf.c
  lib/xgetcwd.c
  lib/xgetcwd.h
  lib/xmalloc.c
  lib/xsize.c
  lib/xsize.h
  lib/xstdopen.c
  lib/xstdopen.h
  lib/xstrndup.c
  lib/xstrndup.h
  lib/xvasprintf.c
  lib/xvasprintf.h
  m4/00gnulib.m4
  m4/__inline.m4
  m4/absolute-header.m4
  m4/alloca.m4
  m4/argp.m4
  m4/asm-underscore.m4
  m4/btowc.m4
  m4/builtin-expect.m4
  m4/calloc.m4
  m4/canonicalize.m4
  m4/chdir-long.m4
  m4/chown.m4
  m4/clock_time.m4
  m4/close.m4
  m4/closedir.m4
  m4/codeset.m4
  m4/ctype_h.m4
  m4/d-ino.m4
  m4/d-type.m4
  m4/dirent_h.m4
  m4/dirfd.m4
  m4/double-slash-root.m4
  m4/dup.m4
  m4/dup2.m4
  m4/eealloc.m4
  m4/environ.m4
  m4/errno_h.m4
  m4/error.m4
  m4/exponentd.m4
  m4/extensions.m4
  m4/extern-inline.m4
  m4/fchdir.m4
  m4/fcntl-o.m4
  m4/fcntl.m4
  m4/fcntl_h.m4
  m4/fdopendir.m4
  m4/filenamecat.m4
  m4/flexmember.m4
  m4/float_h.m4
  m4/flock.m4
  m4/fnmatch.m4
  m4/fnmatch_h.m4
  m4/free.m4
  m4/fstat.m4
  m4/fstatat.m4
  m4/getcwd-abort-bug.m4
  m4/getcwd-path-max.m4
  m4/getcwd.m4
  m4/getdelim.m4
  m4/getdtablesize.m4
  m4/getline.m4
  m4/getlogin.m4
  m4/getlogin_r.m4
  m4/getopt.m4
  m4/getpagesize.m4
  m4/getprogname.m4
  m4/getrandom.m4
  m4/gettime.m4
  m4/gettimeofday.m4
  m4/glob.m4
  m4/glob_h.m4
  m4/gnulib-common.m4
  m4/host-cpu-c-abi.m4
  m4/idpriv.m4
  m4/include_next.m4
  m4/intmax_t.m4
  m4/inttypes.m4
  m4/inttypes_h.m4
  m4/ioctl.m4
  m4/isblank.m4
  m4/langinfo_h.m4
  m4/largefile.m4
  m4/lchown.m4
  m4/lib-ignore.m4
  m4/lib-ld.m4
  m4/lib-link.m4
  m4/lib-prefix.m4
  m4/limits-h.m4
  m4/localcharset.m4
  m4/locale-fr.m4
  m4/locale-ja.m4
  m4/locale-zh.m4
  m4/locale_h.m4
  m4/localeconv.m4
  m4/lock.m4
  m4/lstat.m4
  m4/malloc.m4
  m4/malloca.m4
  m4/manywarnings-c++.m4
  m4/manywarnings.m4
  m4/math_h.m4
  m4/mbrtowc.m4
  m4/mbsinit.m4
  m4/mbsrtowcs.m4
  m4/mbstate_t.m4
  m4/mbtowc.m4
  m4/memchr.m4
  m4/memmem.m4
  m4/mempcpy.m4
  m4/memrchr.m4
  m4/minmax.m4
  m4/mkdir.m4
  m4/mkdtemp.m4
  m4/mkstemp.m4
  m4/mmap-anon.m4
  m4/mode_t.m4
  m4/msvc-inval.m4
  m4/msvc-nothrow.m4
  m4/multiarch.m4
  m4/nanosleep.m4
  m4/nl_langinfo.m4
  m4/nocrash.m4
  m4/nonblocking.m4
  m4/off_t.m4
  m4/open-cloexec.m4
  m4/open-slash.m4
  m4/open.m4
  m4/openat.m4
  m4/opendir.m4
  m4/pathmax.m4
  m4/pid_t.m4
  m4/pipe.m4
  m4/printf.m4
  m4/pselect.m4
  m4/pthread_rwlock_rdlock.m4
  m4/pthread_sigmask.m4
  m4/raise.m4
  m4/rawmemchr.m4
  m4/readdir.m4
  m4/readlink.m4
  m4/realloc.m4
  m4/reallocarray.m4
  m4/regex.m4
  m4/rename.m4
  m4/renameat.m4
  m4/rewinddir.m4
  m4/rmdir.m4
  m4/save-cwd.m4
  m4/select.m4
  m4/setenv.m4
  m4/setlocale_null.m4
  m4/sigaction.m4
  m4/signal_h.m4
  m4/signalblocking.m4
  m4/size_max.m4
  m4/sleep.m4
  m4/socketlib.m4
  m4/sockets.m4
  m4/socklen.m4
  m4/sockpfaf.m4
  m4/ssize_t.m4
  m4/stat-time.m4
  m4/stat.m4
  m4/std-gnu11.m4
  m4/stdalign.m4
  m4/stdarg.m4
  m4/stdbool.m4
  m4/stddef_h.m4
  m4/stdint.m4
  m4/stdint_h.m4
  m4/stdio_h.m4
  m4/stdlib_h.m4
  m4/strcase.m4
  m4/strcasestr.m4
  m4/strchrnul.m4
  m4/strdup.m4
  m4/strerror.m4
  m4/string_h.m4
  m4/strings_h.m4
  m4/strndup.m4
  m4/strnlen.m4
  m4/strsep.m4
  m4/sys_file_h.m4
  m4/sys_ioctl_h.m4
  m4/sys_random_h.m4
  m4/sys_select_h.m4
  m4/sys_socket_h.m4
  m4/sys_stat_h.m4
  m4/sys_time_h.m4
  m4/sys_types_h.m4
  m4/sys_uio_h.m4
  m4/sysexits.m4
  m4/tempname.m4
  m4/threadlib.m4
  m4/time_h.m4
  m4/timespec.m4
  m4/unistd-safer.m4
  m4/unistd_h.m4
  m4/unlink.m4
  m4/unlinkat.m4
  m4/utime.m4
  m4/utime_h.m4
  m4/utimens.m4
  m4/utimes.m4
  m4/vararrays.m4
  m4/vasnprintf.m4
  m4/vasprintf.m4
  m4/visibility.m4
  m4/vsnprintf.m4
  m4/warn-on-use.m4
  m4/warnings.m4
  m4/wchar_h.m4
  m4/wchar_t.m4
  m4/wcrtomb.m4
  m4/wctype_h.m4
  m4/wint_t.m4
  m4/wmemchr.m4
  m4/wmempcpy.m4
  m4/xalloc.m4
  m4/xgetcwd.m4
  m4/xsize.m4
  m4/xstrndup.m4
  m4/xvasprintf.m4
  m4/year2038.m4
  m4/zzgnulib.m4
Fetching gnulib PO files from https://translationproject.org/latest/
 1: 0x26CDBADE backtrace_symbols_fd+0x94 [zopen-ci1:/jenkins/workspace/Port-Build/zoslib/zoslib/src/zos.cc:453]
 2: 0x26CDBC20 __display_backtrace+0x88 [zopen-ci1:/jenkins/workspace/Port-Build/zoslib/zoslib/src/zos.cc:460]
 3: 0x27C56ECC abort+0x92 [zopen-ci1:/jenkins/workspace/Port-Build/zoslib/zoslib/src/zos.cc:711]
 4: 0x27C6E4D2 std::terminate()+0xd8
 5: 0x26F14EA0 __cxxinv+0x17e
 6: 0x26F2FAC8 @@FECBCELQDEST+0xffffffffff293e44 [** NoName **:]
 7: 0x26E1BDDE __zerrs+0x16c
 8: 0x27298984 CEEHDSP+0x454a [CEEHDSP:]
 9: 0x27008A1C CEEOSIGG+0x1410 [CEEOSIGG:]
 10: 0x279D6604 CEEHSGL+0x3c8 [CEEHSGL:]
 11: 0x27999AFA __cxa_throw+0x138 [TOROLABA:/c390/zosv2r4/crt/weekly/llvmrt/src/llvm.stl/libcxxabi/src/xl_exception.c:99]
 12: 0x27990AE0 std::__1::__throw_system_error(int, char const*)+0x7e [TOROLABA:../src/system_error_plain.cpp/:266]
 13: 0x26CF7874 std::__1::mutex::lock()+0x3c [TOROLABA:../src/mutex.cpp/:34]
 14: 0x26CF7A40 fdAttributeCache::unset_attribute(int)+0xa8 [zopen-ci1:/usr/include/c++/__mutex_base:105]
 15: 0x26CE7C8A __fd_close+0x54 [zopen-ci1:/jenkins/workspace/Port-Build/zoslib/zoslib/src/zos-char-util.cc:479]
 16: 0x26B1F78A __close+0x9e [zopen-ci1:/jenkins/workspace/Port-Build/zoslib/zoslib/src/zos-io.cc:783]
 17: 0x26AF02CA rand_pool_cleanup+0x86
 18: 0x26A81DBC rand_cleanup_int+0xce
 19: 0x274D6992 OPENSSL_cleanup+0x1a0
 20: 0x26E3608C __atterm+0x76
 21: 0x270DDF1C CEEZATEX+0x40 [CEEZATEX:]
 22: 0x2731DF60 CEEOTERM+0xce8 [CEEOTERM:]
 23: 0x2731C1F6 CELQTRMN+0x37c [CELQTRMN:]
 24: 0x26DEDEFA CELQINIT+0x5301e2 [CELQINIT:]
CEE3201S The system detected an operation exception (System Completion Code=0C1).
         From entry point __zinit::__abort() at compile unit offset +0000000000000000 at entry offset -0000000026CDBB10 at address 0000000000000000.
         Possible Bad Branch:  Statement: 734  Offset: +00000048
Updating gl/ref-po/LINGUAS (backup in gl/ref-po/LINGUAS~)
Finished.

You may need to add #include directives for the following .h files.
  #include <dirent.h>
  #include <fcntl.h>
  #include <fnmatch.h>
  #include <glob.h>
  #include <regex.h>
  #include <signal.h>
  #include <stdbool.h>
  #include <stdio.h>
  #include <stdlib.h>
  #include <string.h>
  #include <strings.h>
  #include <sys/file.h>
  #include <sys/stat.h>
  #include <time.h>
  #include <unistd.h>
  #include "argp.h"
  #include "attribute.h"
  #include "canonicalize.h"
  #include "dirname.h"
  #include "error.h"
  #include "gettext.h"
  #include "gl_array_list.h"
  #include "gl_hash_map.h"
  #include "gl_hash_set.h"
  #include "gl_linkedhash_list.h"
  #include "gl_rbtree_list.h"
  #include "gl_xlist.h"
  #include "gl_xmap.h"
  #include "gl_xset.h"
  #include "hash-pjw-bare.h"
  #include "idpriv.h"
  #include "localcharset.h"
  #include "minmax.h"
  #include "nonblocking.h"
  #include "progname.h"
  #include "stat-time.h"
  #include "tempname.h"
  #include "timespec.h"
  #include "utimens.h"
  #include "verror.h"
  #include "xalloc.h"
  #include "xgetcwd.h"
  #include "xstdopen.h"
  #include "xstrndup.h"
  #include "xvasprintf.h"

You may need to use the following Makefile variables when linking.
Use them in <program>_LDADD when linking a program, or
in <library>_a_LDFLAGS or <library>_la_LDFLAGS when linking a library.
  $(LIBSOCKET)
  $(LIBTHREAD)
  $(LIB_CLOCK_GETTIME)
  $(LIB_GETLOGIN)
  $(LIB_GETRANDOM)
  $(LIB_HARD_LOCALE)
  $(LIB_MBRTOWC)
  $(LIB_NANOSLEEP)
  $(LIB_PTHREAD_SIGMASK)
  $(LIB_SELECT)
  $(LIB_SETLOCALE_NULL)
  $(LTLIBINTL) when linking with libtool, $(LIBINTL) otherwise

Don't forget to
  - add "gl/lib/Makefile" to AC_CONFIG_FILES in ./configure.ac,
  - add "gl/ref-po/Makefile.in" to AC_CONFIG_FILES in ./configure.ac,
  - mention "lib" in SUBDIRS in gl/Makefile.am,
  - mention "ref-po" in SUBDIRS in gl/Makefile.am,
  - mention "-I gl/m4" in ACLOCAL_AMFLAGS in Makefile.am
    or add an AC_CONFIG_MACRO_DIRS([gl/m4]) invocation in ./configure.ac,
  - mention "gl/m4/gnulib-cache.m4" in EXTRA_DIST in Makefile.am,
  - invoke gl_EARLY in ./configure.ac, right after AC_PROG_CC,
  - invoke gl_INIT in ./configure.ac.
trap: gnulib/gnulib-tool 7655: FSUM7327 signal number 13 not conventional
?
?
?
?
?
?
1213	q
?
cp: FSUM6241 Unknown option "-a"
Usage:
If the variable _UNIX03=YES is set:
	cp [-cfimMUv] [-p|F format|B|T|X[I]] [-W seqparms=params] [-ZO u|c=codeset] file1 file2
	cp [-ACcfimMUv] [-p|F format|B|T|X[I]] [-S suffix] [-ZO u|c=codeset] file ... directory
	cp -R [-H|L|P] [-cfimp] [-ZO u|c=codeset] source ...  directory
	cp -r [-H|L|P] [-cfimp] [-ZO u|c=codeset] source ...  directory
If the variable _UNIX03 is unset or not "YES":
	cp [-cfimMUv] [-p|F format|B|T|X[I]] [-P params] [-W seqparms=params] [-ZO u|c=codeset] file1 file2
	cp [-ACcfimMUv] [-p|F format|B|T|X[I]] [-S suffix] [-ZO u|c=codeset] file ... directory
	cp -R [-H|L] [-cfimp] [-ZO u|c=codeset] source ...  directory
	cp -r [-H|L] [-cfimp] [-ZO u|c=codeset] source ...  directory
cp: FSUM6241 Unknown option "-a"
Usage:
If the variable _UNIX03=YES is set:
	cp [-cfimMUv] [-p|F format|B|T|X[I]] [-W seqparms=params] [-ZO u|c=codeset] file1 file2
	cp [-ACcfimMUv] [-p|F format|B|T|X[I]] [-S suffix] [-ZO u|c=codeset] file ... directory
	cp -R [-H|L|P] [-cfimp] [-ZO u|c=codeset] source ...  directory
	cp -r [-H|L|P] [-cfimp] [-ZO u|c=codeset] source ...  directory
If the variable _UNIX03 is unset or not "YES":
	cp [-cfimMUv] [-p|F format|B|T|X[I]] [-P params] [-W seqparms=params] [-ZO u|c=codeset] file1 file2
	cp [-ACcfimMUv] [-p|F format|B|T|X[I]] [-S suffix] [-ZO u|c=codeset] file ... directory
	cp -R [-H|L] [-cfimp] [-ZO u|c=codeset] source ...  directory
	cp -r [-H|L] [-cfimp] [-ZO u|c=codeset] source ...  directory
fatal: 'submodule' appears to be a git command, but we were not
able to execute it. Maybe git-submodule is broken?
running: AUTOPOINT=true LIBTOOLIZE=true autoreconf --verbose --install --force -I gl/m4  --no-recursive
autoreconf: export WARNINGS=
autoreconf: Entering directory '.'
autoreconf: running: true --force
autoreconf: running: aclocal -I gl/m4 --force -I gl/m4 -I m4
autoreconf: configure.ac: tracing
autoreconf: running: true --copy --force
autoreconf: configure.ac: not using Intltool
autoreconf: configure.ac: not using Gtkdoc
autoreconf: running: aclocal -I gl/m4 --force -I gl/m4 -I m4
autoreconf: running: /home/fultonm/zopen/prod/autoconf-2.71.20221108_204804.zos/bin/autoconf --include=gl/m4 --force
configure.ac:73: error: possibly undefined macro: AC_MSG_ERROR
      If this token and others are legitimate, please use m4_pattern_allow.
      See the Autoconf documentation.
configure.ac:94: error: possibly undefined macro: AC_DEFINE
autoreconf: error: /home/fultonm/zopen/prod/autoconf-2.71.20221108_204804.zos/bin/autoconf failed with exit status: 1
./bootstrap: autoreconf failed
