./bootstrap: Bootstrapping from checked-out man-db sources...
./bootstrap: consider installing git-merge-changelog from gnulib
HEAD is now at 8c4f4d7 Create lib/Makefile.am after gnulib-comp.m4
trap: ./bootstrap 932: FSUM7327 signal number 13 not conventional
./bootstrap: autopoint --force
running: libtoolize --install --copy
libtoolize: warning: no serial number on `/home/fultonm/zopen/prod/libtool-2.4.20221201_223431.zos/share/aclocal/libtool.m4', not copying.
libtoolize: Consider adding `AC_CONFIG_MACRO_DIR([m4])' to configure.ac and
libtoolize: rerunning libtoolize, to keep the correct libtool macros in-tree.
trap: ./bootstrap 975: FSUM7327 signal number 13 not conventional
./bootstrap: gnulib/gnulib-tool    --no-changelog   --aux-dir=build-aux   --doc-base=doc   --lib=libgnu   --m4-base=gl/m4/   --source-base=gl/lib/   --tests-base=tests   --local-dir=gnulib-local    --po-base=gl/ref-po  --no-conditional-dependencies  --libtool  --macro-prefix=gl  --po-domain=man-db  --no-vc-files    --import ...
trap: gnulib/gnulib-tool 1696: FSUM7327 signal number 13 not conventional
Module list with included dependencies (indented):
join: FSUM6261 read error on file "-": EDC5000I No error occurred.
    absolute-header
    alloca
    alloca-opt
  argp
    at-internal
  attribute
    btowc
    builtin-expect
  c99
  canonicalize
    chdir-long
    chown
    clock-time
    cloexec
    close
  closedir
    d-type
  dirent
  dirname
    dup
    dup2
    dynarray
    eloop-threshold
    environ
    errno
  error
    extern-inline
    fchdir
    fcntl
  fcntl-h
    fdopendir
    file-set
    filename
    filenamecat-lgpl
    flexmember
    float
  flock
  fnmatch-gnu
  fstat
    getcwd
    getcwd-lgpl
    getdelim
    getdtablesize
  getline
    getopt-posix
    getprogname
    getrandom
  gettext-h
  gitlog-to-changelog
  gnupload
  hash-map
  hash-pjw-bare
  havelib
  idpriv-drop
    include_next
    intprops
    inttypes-incomplete
    ioctl
    isblank
    langinfo
    largefile
  lchown
    limits-h
  linkedhash-list
  localcharset
    lock
    lstat
    malloc-gnu
    malloc-posix
    malloca
  manywarnings
    mbsinit
    mbsrtowcs
    mbtowc
    memchr
  memmem
    memrchr
  minmax
  mkdtemp
    msvc-nothrow
    multiarch
  nanosleep
  nonblocking
  openat
  opendir
  progname
  raise
  rbtree-list
    realloc-gnu
    realloc-posix
    reallocarray
  regex
    renameatu
    rewinddir
    rmdir
    same-inode
    save-cwd
    scratch_buffer
    select
    set
  setenv
  sigaction
    size_max
    sleep
    snippet/_Noreturn
    snippet/arg-nonnull
    snippet/c++defs
    snippet/warn-on-use
    socketlib
    sockets
    socklen
    ssize_t
    stat
  stat-time
    stdalign
    stdarg
  stdbool
    stdio
    stdlib
    stdopen
  strcase
    strchrnul
    strdup-posix
    streq
  strerror
    strings
    strndup
    strnlen
    strnlen1
  strsep
    sys_random
    sys_select
    sys_socket
    sys_stat
    sys_time
    sys_types
    sys_uio
    sysexits
  tempname
  timespec
    unlink
  unlinkat
  utimens
    vasprintf
    verify
  verror
  warnings
    wctype-h
    windows-mutex
    windows-once
    windows-recmutex
    windows-rwlock
    wmemchr
    wmempcpy
  xalloc
  xgetcwd
  xset
  xstdopen
caught signal 2
